Build target 'Target_1'
compiling global.c...
linking...
*** ERROR L104: MULTIPLE PUBLIC DEFINITIONS
    SYMBOL:  FREQSELECT
    MODULE:  .\Objects\music.obj (MUSIC)

*** ERROR L104: MULTIPLE PUBLIC DEFINITIONS
    SYMBOL:  SPEED
    MODULE:  .\Objects\music.obj (MUSIC)

*** ERROR L104: MULTIPLE PUBLIC DEFINITIONS
    SYMBOL:  MUSICSELECT
    MODULE:  .\Objects\music.obj (MUSIC)

*** ERROR L104: MULTIPLE PUBLIC DEFINITIONS
    SYMBOL:  MUSIC_ARRY
    MODULE:  .\Objects\music.obj (MUSIC)

*** ERROR L104: MULTIPLE PUBLIC DEFINITIONS
    SYMBOL:  MUSIC
    MODULE:  .\Objects\music.obj (MUSIC)

*** ERROR L104: MULTIPLE PUBLIC DEFINITIONS
    SYMBOL:  FREQTABLE
    MODULE:  .\Objects\music.obj (MUSIC)

*** WARNING L16: UNCALLED SEGMENT, IGNORED FOR OVERLAY PROCESS
    SEGMENT: ?PR?INIT_DATA?MAIN

*** WARNING L16: UNCALLED SEGMENT, IGNORED FOR OVERLAY PROCESS
    SEGMENT: ?PR?INIT_PROGRAM?MAIN

*** WARNING L16: UNCALLED SEGMENT, IGNORED FOR OVERLAY PROCESS
    SEGMENT: ?PR?UPDATEVIEWPAGESHOW?MAIN

*** WARNING L16: UNCALLED SEGMENT, IGNORED FOR OVERLAY PROCESS
    SEGMENT: ?PR?KEYSSYSTEM_1?ULTIMATE

*** WARNING L16: UNCALLED SEGMENT, IGNORED FOR OVERLAY PROCESS
    SEGMENT: ?PR?KEYSSYSTEM_2?ULTIMATE

*** WARNING L16: UNCALLED SEGMENT, IGNORED FOR OVERLAY PROCESS
    SEGMENT: ?PR?_DELAY_MUSIC?MUSIC

*** WARNING L16: UNCALLED SEGMENT, IGNORED FOR OVERLAY PROCESS
    SEGMENT: ?PR?MUSIC_SCORE?MUSIC

*** ERROR L107: ADDRESS SPACE OVERFLOW
    SPACE:   DATA    
    SEGMENT: ?DT?_INT8TOSTRING?UTILITY
    LENGTH:  0005H

*** ERROR L107: ADDRESS SPACE OVERFLOW
    SPACE:   DATA    
    SEGMENT: ?DT?_LCD1602_SHOWSTRING?ULTIMATE
    LENGTH:  0003H

*** ERROR L107: ADDRESS SPACE OVERFLOW
    SPACE:   DATA    
    SEGMENT: ?DT?CHANGESETTING?ULTIMATE
    LENGTH:  0003H

*** ERROR L107: ADDRESS SPACE OVERFLOW
    SPACE:   DATA    
    SEGMENT: ?DT?LCD1602_ACTION?ULTIMATE
    LENGTH:  0001H

*** ERROR L107: ADDRESS SPACE OVERFLOW
    SPACE:   DATA    
    SEGMENT: ?DT?SHOWVIEWPAGE_4?ULTIMATE
    LENGTH:  0001H

*** ERROR L107: ADDRESS SPACE OVERFLOW
    SPACE:   DATA    
    SEGMENT: ?DT?KEYSSYSTEM_2?ULTIMATE
    LENGTH:  0001H

*** ERROR L107: ADDRESS SPACE OVERFLOW
    SPACE:   DATA    
    SEGMENT: ?DT?LCD1602_WRITEBYTE?LCD1602
    LENGTH:  0001H

*** ERROR L107: ADDRESS SPACE OVERFLOW
    SPACE:   IDATA   
    SEGMENT: ?ID?MUSIC
    LENGTH:  0080H

*** ERROR L107: ADDRESS SPACE OVERFLOW
    SPACE:   IDATA   
    SEGMENT: ?STACK
    LENGTH:  0001H

*** ERROR L107: ADDRESS SPACE OVERFLOW
    SPACE:   IDATA   
    SEGMENT: ?STACK
    LENGTH:  0001H

*** ERROR L119: REFERENCE MADE TO ERRONEOUS SEGMENT
    SEGMENT: ?C_C51STARTUP
    MODULE:  .\Objects\STARTUP.obj (?C_STARTUP)
    ADDRESS: 1336H

*** WARNING L1: UNRESOLVED EXTERNAL SYMBOL
    SYMBOL:  SETTINGSSAVE
    MODULE:  .\Objects\main.obj (MAIN)

*** WARNING L1: UNRESOLVED EXTERNAL SYMBOL
    SYMBOL:  MUSIC_STORE
    MODULE:  .\Objects\main.obj (MAIN)

*** WARNING L1: UNRESOLVED EXTERNAL SYMBOL
    SYMBOL:  _DELAY
    MODULE:  .\Objects\main.obj (MAIN)

*** WARNING L2: REFERENCE MADE TO UNRESOLVED EXTERNAL
    SYMBOL:  MUSIC_STORE
    MODULE:  .\Objects\main.obj (MAIN)
    ADDRESS: 15A1H

*** WARNING L2: REFERENCE MADE TO UNRESOLVED EXTERNAL
    SYMBOL:  _DELAY
    MODULE:  .\Objects\main.obj (MAIN)
    ADDRESS: 15F4H

*** WARNING L2: REFERENCE MADE TO UNRESOLVED EXTERNAL
    SYMBOL:  _DELAY
    MODULE:  .\Objects\main.obj (MAIN)
    ADDRESS: 1605H

*** WARNING L2: REFERENCE MADE TO UNRESOLVED EXTERNAL
    SYMBOL:  SETTINGSSAVE
    MODULE:  .\Objects\main.obj (MAIN)
    ADDRESS: 0FDAH

*** WARNING L2: REFERENCE MADE TO UNRESOLVED EXTERNAL
    SYMBOL:  SETTINGSSAVE
    MODULE:  .\Objects\main.obj (MAIN)
    ADDRESS: 17C5H

*** WARNING L2: REFERENCE MADE TO UNRESOLVED EXTERNAL
    SYMBOL:  SETTINGSSAVE
    MODULE:  .\Objects\main.obj (MAIN)
    ADDRESS: 17C7H

*** WARNING L2: REFERENCE MADE TO UNRESOLVED EXTERNAL
    SYMBOL:  SETTINGSSAVE
    MODULE:  .\Objects\main.obj (MAIN)
    ADDRESS: 17D3H

*** ERROR L118: REFERENCE MADE TO ERRONEOUS EXTERNAL
    SYMBOL:  ?_INT8TOSTRING?BYTE
    MODULE:  .\Objects\main.obj (MAIN)
    ADDRESS: 107CH

*** ERROR L118: REFERENCE MADE TO ERRONEOUS EXTERNAL
    SYMBOL:  ?_INT8TOSTRING?BYTE
    MODULE:  .\Objects\ultimate.obj (ULTIMATE)
    ADDRESS: 10E7H

*** ERROR L118: REFERENCE MADE TO ERRONEOUS EXTERNAL
    SYMBOL:  ?_INT8TOSTRING?BYTE
    MODULE:  .\Objects\ultimate.obj (ULTIMATE)
    ADDRESS: 110AH

*** ERROR L118: REFERENCE MADE TO ERRONEOUS EXTERNAL
    SYMBOL:  ?_INT8TOSTRING?BYTE
    MODULE:  .\Objects\ultimate.obj (ULTIMATE)
    ADDRESS: 115EH

*** ERROR L118: REFERENCE MADE TO ERRONEOUS EXTERNAL
    SYMBOL:  ?_INT8TOSTRING?BYTE
    MODULE:  .\Objects\ultimate.obj (ULTIMATE)
    ADDRESS: 0B22H

*** ERROR L118: REFERENCE MADE TO ERRONEOUS EXTERNAL
    SYMBOL:  ?_INT8TOSTRING?BYTE
    MODULE:  .\Objects\ultimate.obj (ULTIMATE)
    ADDRESS: 0B4AH

*** ERROR L118: REFERENCE MADE TO ERRONEOUS EXTERNAL
    SYMBOL:  ?_INT8TOSTRING?BYTE
    MODULE:  .\Objects\ultimate.obj (ULTIMATE)
    ADDRESS: 08D5H

*** ERROR L118: REFERENCE MADE TO ERRONEOUS EXTERNAL
    SYMBOL:  ?_INT8TOSTRING?BYTE
    MODULE:  .\Objects\ultimate.obj (ULTIMATE)
    ADDRESS: 0928H

*** ERROR L118: REFERENCE MADE TO ERRONEOUS EXTERNAL
    SYMBOL:  ?_INT8TOSTRING?BYTE
    MODULE:  .\Objects\ultimate.obj (ULTIMATE)
    ADDRESS: 1534H

*** ERROR L118: REFERENCE MADE TO ERRONEOUS EXTERNAL
    SYMBOL:  ?_INT8TOSTRING?BYTE
    MODULE:  .\Objects\ultimate.obj (ULTIMATE)
    ADDRESS: 1542H

*** ERROR L118: REFERENCE MADE TO ERRONEOUS EXTERNAL
    SYMBOL:  ?_INT8TOSTRING?BYTE
    MODULE:  .\Objects\ultimate.obj (ULTIMATE)
    ADDRESS: 1549H

*** ERROR L118: REFERENCE MADE TO ERRONEOUS EXTERNAL
    SYMBOL:  ?_INT8TOSTRING?BYTE
    MODULE:  .\Objects\ultimate.obj (ULTIMATE)
    ADDRESS: 1557H

*** ERROR L118: REFERENCE MADE TO ERRONEOUS EXTERNAL
    SYMBOL:  ?_INT8TOSTRING?BYTE
    MODULE:  .\Objects\ultimate.obj (ULTIMATE)
    ADDRESS: 158FH

*** ERROR L105: PUBLIC REFERS TO IGNORED SEGMENT
    SYMBOL:  ?_INT8TOSTRING?BYTE
    SEGMENT: ?DT?_INT8TOSTRING?UTILITY

*** ERROR L105: PUBLIC REFERS TO IGNORED SEGMENT
    SYMBOL:  ?LCD1602_WRITEBYTE?BYTE
    SEGMENT: ?DT?LCD1602_WRITEBYTE?LCD1602

*** ERROR L105: PUBLIC REFERS TO IGNORED SEGMENT
    SYMBOL:  MUSIC_ARRY
    SEGMENT: ?ID?MUSIC

Program Size: data=399.2 xdata=0 code=7292
Target not created.
Build Time Elapsed:  00:00:00
